Build started 14/9/2016 12:02:19.
     1>Project "C:\Users\aleixbf\Desktop\Motor 3D\3D Physics.vcxproj" on node 2 (Build target(s)).
     1>ClCompile:
         C:\Program Files (x86)\Microsoft Visual Studio 12.0\VC\bin\CL.exe /c /ZI /nologo /W3 /WX- /sdl- /Od /Oy- /D _MBCS /Gm /RTC1 /MDd /GS /fp:precise /Zc:wchar_t /Zc:forScope /Fo"Debug\\" /Fd"Debug\vc120.pdb" /Gd /TP /analyze- /errorReport:prompt Main.cpp
         Main.cpp
       Link:
         C:\Program Files (x86)\Microsoft Visual Studio 12.0\VC\bin\link.exe /ERRORREPORT:PROMPT /OUT:"C:\Users\aleixbf\Desktop\Motor 3D\Debug\3D Physics - class5.exe" /INCREMENTAL /NOLOGO kernel32.lib user32.lib gdi32.lib winspool.lib comdlg32.lib advapi32.lib shell32.lib ole32.lib oleaut32.lib uuid.lib odbc32.lib odbccp32.lib /MANIFEST /MANIFESTUAC:"level='asInvoker' uiAccess='false'" /manifest:embed /DEBUG /PDB:"C:\Users\aleixbf\Desktop\Motor 3D\Debug\3D Physics - class5.pdb" /SUBSYSTEM:WINDOWS /TLBID:1 /DYNAMICBASE /NXCOMPAT /IMPLIB:"C:\Users\aleixbf\Desktop\Motor 3D\Debug\3D Physics - class5.lib" /MACHINE:X86 /SAFESEH:NO Debug\Application.obj
         Debug\Color.obj
         Debug\gl3w.obj
         Debug\glmath.obj
         Debug\imgui.obj
         Debug\imgui_demo.obj
         Debug\imgui_draw.obj
         Debug\imgui_impl_sdl_gl3.obj
         Debug\Light.obj
         Debug\log.obj
         Debug\Main.obj
         Debug\ModuleAudio.obj
         Debug\ModuleCamera3D.obj
         Debug\ModuleInput.obj
         Debug\ModulePhysics3D.obj
         Debug\ModuleRenderer3D.obj
         Debug\ModuleSceneIntro.obj
         Debug\ModuleWindow.obj
         Debug\PhysBody3D.obj
         Debug\PhysVehicle3D.obj
         Debug\Primitive.obj
         Debug\Timer.obj
         glfw3.lib
         3D Physics.vcxproj -> C:\Users\aleixbf\Desktop\Motor 3D\Debug\3D Physics - class5.exe
     1>Done Building Project "C:\Users\aleixbf\Desktop\Motor 3D\3D Physics.vcxproj" (Build target(s)).

Build succeeded.

Time Elapsed 00:00:01.30
